<?xml version="1.0" encoding="utf-8"?><testsuites name="pytest tests"><testsuite name="pytest" errors="0" failures="0" skipped="0" tests="15" time="2.263" timestamp="2026-06-27T20:49:57.894723+00:00" hostname="agent-env-d75bb77f-5d42-4e44-ac30-4564f4d82994"><testcase classname="tests.backend_test.TestUpload" name="test_upload_no_token_401" time="0.174" /><testcase classname="tests.backend_test.TestPublicProfiles" name="test_list_profiles_no_auth" time="0.224" /><testcase classname="tests.backend_test.TestUpload" name="test_upload_non_image_rejected" time="0.149" /><testcase classname="tests.backend_test.TestPublicProfiles" name="test_get_profile_by_handle_no_auth" time="0.142" /><testcase classname="tests.backend_test.TestUpload" name="test_upload_png_ok_and_public_fetch" time="0.674" /><testcase classname="tests.backend_test.TestPublicProfiles" name="test_get_profile_not_found" time="0.283" /><testcase classname="tests.backend_test.TestEditAuthRequired" name="test_put_me_no_token_401" time="0.141" /><testcase classname="tests.backend_test.TestEditAuthRequired" name="test_put_me_garbage_token_401" time="0.164" /><testcase classname="tests.backend_test.TestOwnership" name="test_edit_only_self" time="0.506" /><testcase classname="tests.backend_test.TestHolder" name="test_status_no_token_401" time="0.135" /><testcase classname="tests.backend_test.TestHolder" name="test_status_with_token" time="0.103" /><testcase classname="tests.backend_test.TestHolder" name="test_start_503_when_not_configured" time="0.139" /><testcase classname="tests.backend_test.TestOwnership" name="test_no_endpoint_to_edit_other_handles" time="0.094" /><testcase classname="tests.backend_test.TestAuthMe" name="test_me_no_token_401" time="0.095" /><testcase classname="tests.backend_test.TestAuthMe" name="test_me_with_token" time="0.099" /></testsuite></testsuites>